Found 851 files with extensions: [('.gif', 789), ('.htm', 45), ('.html', 4), ('.ttf', 4), ('.txt', 2), ('.png', 2), ('.log', 1), ('.py', 1), ('.css', 1), ('.TTF', 1), ('.jpg', 1)]
Converting Darseni.htm... from windows-1250 to utf-8.
Converting Seversk.html... from windows-1254 to utf-8.
Converting abc_ipa.htm... from windows-1250 to utf-8.
Converting alphabets.htm... from windows-1250 to utf-8.
Converting cntralofl.htm... from windows-1250 to utf-8.
Converting conlangs.htm... from ISO-8859-3 to utf-8.
Converting czfarsi.txt... from windows-1250 to utf-8.
Converting cztajik.txt... from windows-1250 to utf-8.
Converting diacritics.htm... from windows-1250 to utf-8.
Converting dialects.htm... from windows-1250 to utf-8.
Converting eecwl.htm... from windows-1250 to utf-8.
Converting euransi.htm... from windows-1250 to utf-8.
Converting farhane.htm... from windows-1250 to utf-8.
Converting farsi.htm... from windows-1250 to utf-8.
Converting fcewl.htm... from windows-1250 to utf-8.
Converting fonty/index.html... No charset found, skipping.
Converting freedict.htm... from windows-1250 to utf-8.
Converting index.htm... from windows-1250 to utf-8.
Converting index.html... from windows-1250 to utf-8.
Converting ishcze.htm... from windows-1250 to utf-8.
Converting ivri.htm... from windows-1250 to utf-8.
Converting john316.htm... from windows-1250 to utf-8.
Converting libor.htm... from windows-1250 to utf-8.
Converting lsa.htm... from windows-1254 to utf-8.
Converting lydnevi.htm... from windows-1254 to utf-8.
Converting masravi.htm... from windows-1250 to utf-8.
Converting mrezisk.htm... from windows-1250 to utf-8.
Converting namaz.htm... from iso-8859-1 to utf-8.
Converting namazin.htm... from windows-1250 to utf-8.
Converting otcenas.htm... from iso-8859-2 to utf-8.
Converting peyravi.htm... from windows-1254 to utf-8.
Converting phonetics.htm... from windows-1250 to utf-8.
Converting ponaszymu.htm... from windows-1250 to utf-8.
Converting recewl.htm... from windows-1250 to utf-8.
Converting saynegi.htm... from windows-1250 to utf-8.
Converting slaveni.htm... from windows-1254 to utf-8.
Converting slaveni1.htm... from windows-1254 to utf-8.
Converting slaveni2.htm... from windows-1250 to utf-8.
Converting slaveni3.htm... from windows-1254 to utf-8.
Converting slaveni4.htm... from windows-1250 to utf-8.
Converting slaveni5.htm... from windows-1254 to utf-8.
Converting slaveni6.htm... from windows-1254 to utf-8.
Converting slaveni7.htm... from windows-1254 to utf-8.
Converting slaveni8.htm... from windows-1250 to utf-8.
Converting slaveni9.htm... from windows-1254 to utf-8.
Converting slavisk.htm... from windows-1250 to utf-8.
Converting stahnout.html... from windows-1250 to utf-8.
Converting tajcze.htm... from utf-8 to utf-8.
Converting tajiktxt.htm... from windows-1254 to utf-8.
Converting talvezi.htm... from windows-1250 to utf-8.
Converting ttfonts.htm... from windows-1250 to utf-8.
